<?xml version="1.0" encoding="UTF-8"?>
<testng-results ignored="0" total="2" passed="2" failed="0" skipped="0">
  <reporter-output>
  </reporter-output>
  <suite started-at="2024-10-20T13:44:52 IST" name="Suite" finished-at="2024-10-20T13:45:21 IST" duration-ms="29446">
    <groups>
    </groups>
    <test started-at="2024-10-20T13:44:52 IST" name="Test" finished-at="2024-10-20T13:45:21 IST" duration-ms="29446">
      <class name="myAccount_Test.registerLoginToMyAccount_Test">
        <test-method is-config="true" signature="db_Config()[pri:0, instance:myAccount_Test.registerLoginToMyAccount_Test@15bb5034]" started-at="2024-10-20T13:44:52 IST" name="db_Config" finished-at="2024-10-20T13:44:52 IST" duration-ms="29" status="PASS">
          <reporter-output>
          </reporter-output>
        </test-method> <!-- db_Config -->
        <test-method is-config="true" signature="launch_browser()[pri:0, instance:myAccount_Test.registerLoginToMyAccount_Test@15bb5034]" started-at="2024-10-20T13:44:52 IST" name="launch_browser" finished-at="2024-10-20T13:45:21 IST" duration-ms="29109" status="PASS">
          <reporter-output>
          </reporter-output>
        </test-method> <!-- launch_browser -->
        <test-method signature="register()[pri:0, instance:myAccount_Test.registerLoginToMyAccount_Test@15bb5034]" started-at="2024-10-20T13:45:21 IST" name="register" finished-at="2024-10-20T13:45:21 IST" duration-ms="108" status="PASS">
          <reporter-output>
          </reporter-output>
        </test-method> <!-- register -->
        <test-method signature="login()[pri:0, instance:myAccount_Test.registerLoginToMyAccount_Test@15bb5034]" started-at="2024-10-20T13:45:21 IST" name="login" finished-at="2024-10-20T13:45:21 IST" duration-ms="2" status="PASS">
          <reporter-output>
          </reporter-output>
        </test-method> <!-- login -->
      </class> <!-- myAccount_Test.registerLoginToMyAccount_Test -->
    </test> <!-- Test -->
  </suite> <!-- Suite -->
</testng-results>
